============================= test session starts ==============================
platform linux -- Python 3.10.12, pytest-9.0.3, pluggy-1.6.0 -- /usr/bin/python3
cachedir: .pytest_cache
hypothesis profile 'default'
rootdir: /home/marcosgnr/MMT/backend
configfile: pyproject.toml
plugins: schemathesis-4.15.2, hypothesis-6.152.2, cov-7.1.0, anyio-3.7.1
collecting ... collected 405 items

backend/tests/test_configurable_limits.py::test_ca_hard_limits_read_from_database PASSED [  0%]
backend/tests/test_configurable_limits.py::test_hierarchy_service_reads_fpso_from_database PASSED [  0%]
backend/tests/test_m11_attributes.py::test_create_numerical_attribute PASSED [  0%]
backend/tests/test_m11_attributes.py::test_create_text_attribute PASSED  [  0%]
backend/tests/test_m11_attributes.py::test_list_attributes_by_entity_type PASSED [  1%]
backend/tests/test_m11_attributes.py::test_set_valid_numerical_attribute_value PASSED [  1%]
backend/tests/test_m11_attributes.py::test_reject_numerical_value_above_max PASSED [  1%]
backend/tests/test_m11_attributes.py::test_reject_numerical_value_below_min PASSED [  1%]
backend/tests/test_m11_attributes.py::test_set_attribute_value_updates_existing PASSED [  2%]
backend/tests/test_m11_attributes.py::test_reject_invalid_attribute_definition_id PASSED [  2%]
backend/tests/test_m11_attributes.py::test_get_values_for_nonexistent_entity_returns_empty PASSED [  2%]
backend/tests/test_m11_cascading.py::test_m11_cascading_integrity PASSED [  2%]
backend/tests/test_m11_cascading.py::test_m11_delete_with_children_fails PASSED [  3%]
backend/tests/test_m11_cascading.py::test_m11_cascading_tree_structure PASSED [  3%]
backend/tests/test_m11_config_management.py::test_create_attribute_with_date_rule PASSED [  3%]
backend/tests/test_m11_config_management.py::test_create_attribute_with_choice_rule PASSED [  3%]
backend/tests/test_m11_config_management.py::test_invalid_date_attribute_value_format PASSED [  4%]
backend/tests/test_m11_config_management.py::test_valid_date_attribute_value PASSED [  4%]
backend/tests/test_m11_config_management.py::test_invalid_choice_attribute_value PASSED [  4%]
backend/tests/test_m11_config_management.py::test_create_well PASSED     [  4%]
backend/tests/test_m11_config_management.py::test_list_wells_by_fpso PASSED [  5%]
backend/tests/test_m11_config_management.py::test_update_well PASSED     [  5%]
backend/tests/test_m11_config_management.py::test_delete_well PASSED     [  5%]
backend/tests/test_m11_config_management.py::test_update_nonexistent_well_returns_404 PASSED [  5%]
backend/tests/test_m11_config_management.py::test_set_and_retrieve_config_parameter PASSED [  6%]
backend/tests/test_m11_config_management.py::test_set_config_parameter_updates_existing PASSED [  6%]
backend/tests/test_m11_config_management.py::test_create_stock_location PASSED [  6%]
backend/tests/test_m11_config_management.py::test_list_stock_locations_by_fpso PASSED [  6%]
backend/tests/test_m11_config_management.py::test_create_holiday PASSED  [  7%]
backend/tests/test_m11_config_management.py::test_list_holidays_by_fpso PASSED [  7%]
backend/tests/test_m11_config_management.py::test_update_hierarchy_node_description PASSED [  7%]
backend/tests/test_m11_config_management.py::test_update_nonexistent_hierarchy_node_returns_404 PASSED [  7%]
backend/tests/test_m11_hierarchy.py::test_hierarchy_node_crud PASSED     [  8%]
backend/tests/test_m11_hierarchy.py::test_dynamic_tree_generation PASSED [  8%]
backend/tests/test_m1_auto_tag_install.py::test_auto_tag_creation_on_install PASSED [  8%]
backend/tests/test_m1_auto_tag_install.py::test_auto_tag_reuses_existing_tag_name PASSED [  8%]
backend/tests/test_m1_auto_tag_install.py::test_auto_tag_install_with_hierarchy_node PASSED [  9%]
backend/tests/test_m1_auto_tag_install.py::test_install_nonexistent_equipment_returns_404 PASSED [  9%]
backend/tests/test_m1_auto_tag_install.py::test_install_nonexistent_tag_returns_404 PASSED [  9%]
backend/tests/test_m1_certificates_expanded.py::test_certificate_list_route PASSED [  9%]
backend/tests/test_m1_certificates_expanded.py::test_certificate_type_non_calibration_ignored PASSED [ 10%]
backend/tests/test_m1_certificates_expanded.py::test_certificate_no_expiry_date_does_not_expire PASSED [ 10%]
backend/tests/test_m1_certificates_expanded.py::test_health_status_in_equipment_list PASSED [ 10%]
backend/tests/test_m1_certificates_expanded.py::test_multiple_certs_worst_status_wins PASSED [ 10%]
backend/tests/test_m1_certificates_resilience.py::test_equipment_health_status_missing PASSED [ 11%]
backend/tests/test_m1_certificates_resilience.py::test_equipment_health_status_healthy PASSED [ 11%]
backend/tests/test_m1_certificates_resilience.py::test_equipment_health_status_expiring PASSED [ 11%]
backend/tests/test_m1_certificates_resilience.py::test_equipment_health_status_expired PASSED [ 11%]
backend/tests/test_m1_certificates_resilience.py::test_equipment_health_status_priority_expired PASSED [ 12%]
backend/tests/test_m1_concurrency.py::test_m1_install_concurrency_lock_called PASSED [ 12%]
backend/tests/test_m1_concurrency.py::test_m1_prevent_duplicate_active_installation PASSED [ 12%]
backend/tests/test_m1_equipment.py::test_equipment_crud PASSED           [ 12%]
backend/tests/test_m1_equipment.py::test_instrument_tag_crud PASSED      [ 13%]
backend/tests/test_m1_equipment.py::test_equipment_installation_workflow PASSED [ 13%]
backend/tests/test_m1_equipment_filters.py::test_filter_equipment_by_serial_number PASSED [ 13%]
backend/tests/test_m1_equipment_filters.py::test_filter_equipment_by_type PASSED [ 13%]
backend/tests/test_m1_equipment_filters.py::test_filter_equipment_by_serial_and_type_combined PASSED [ 14%]
backend/tests/test_m1_equipment_filters.py::test_available_tags_filtered_by_fpso PASSED [ 14%]
backend/tests/test_m1_equipment_filters.py::test_available_tags_filtered_by_equipment_type PASSED [ 14%]
backend/tests/test_m1_equipment_filters.py::test_equipment_not_found_returns_404 PASSED [ 14%]
backend/tests/test_m1_equipment_filters.py::test_tag_filter_by_number PASSED [ 15%]
backend/tests/test_m1_lifecycle_deep.py::test_reinstall_on_same_tag_after_removal PASSED [ 15%]
backend/tests/test_m1_lifecycle_deep.py::test_install_on_different_tag_after_removal PASSED [ 15%]
backend/tests/test_m1_lifecycle_deep.py::test_remove_nonexistent_installation_returns_404 PASSED [ 15%]
backend/tests/test_m1_lifecycle_deep.py::test_equipment_history_order_most_recent_first PASSED [ 16%]
backend/tests/test_m1_lifecycle_deep.py::test_active_equipment_prevents_double_install PASSED [ 16%]
backend/tests/test_m1_lifecycle_deep.py::test_create_equipment_with_all_fields PASSED [ 16%]
backend/tests/test_m1_lifecycle_deep.py::test_tags_list_all_without_filter PASSED [ 16%]
backend/tests/test_m1_lifecycle_deep.py::test_update_tag_description PASSED [ 17%]
backend/tests/test_m1_lifecycle_deep.py::test_update_nonexistent_tag_returns_404 PASSED [ 17%]
backend/tests/test_m1_m3_integration.py::test_equipment_to_chemical_samples_link PASSED [ 17%]
backend/tests/test_m1_m3_integration.py::test_hierarchy_updates_on_installation PASSED [ 17%]
backend/tests/test_m1_m3_integration.py::test_equipment_history_cross_link PASSED [ 18%]
backend/tests/test_m1_m3_stress.py::test_asset_swap_historical_traceability PASSED [ 18%]
backend/tests/test_m1_m3_stress.py::test_occupancy_guard_enforcement PASSED [ 18%]
backend/tests/test_m1_m3_stress.py::test_hierarchy_realtime_sync PASSED  [ 18%]
backend/tests/test_m1_m3_stress.py::test_delete_protection_guards PASSED [ 19%]
backend/tests/test_m1_tag_history.py::test_tag_history_single_install PASSED [ 19%]
backend/tests/test_m1_tag_history.py::test_tag_history_after_equipment_swap PASSED [ 19%]
backend/tests/test_m1_tag_history.py::test_tag_history_multiple_equipments_chronological_order PASSED [ 19%]
backend/tests/test_m1_tag_history.py::test_tag_history_empty_for_fresh_tag PASSED [ 20%]
backend/tests/test_m1_tag_history.py::test_delete_tag_blocked_by_active_installation PASSED [ 20%]
backend/tests/test_m1_tag_history.py::test_delete_tag_allowed_after_removal PASSED [ 20%]
backend/tests/test_m3_alerts.py::TestM3AlertDetectionSystem::test_overdue_lab_report_alert_trigger PASSED [ 20%]
backend/tests/test_m3_api_integration.py::TestSamplePointCRUD::test_create_sample_point PASSED [ 20%]
backend/tests/test_m3_api_integration.py::TestSamplePointCRUD::test_list_sample_points_all PASSED [ 21%]
backend/tests/test_m3_api_integration.py::TestSamplePointCRUD::test_list_sample_points_filtered_by_fpso PASSED [ 21%]
backend/tests/test_m3_api_integration.py::TestSampleCreation::test_create_sample_starts_at_sample_status PASSED [ 21%]
backend/tests/test_m3_api_integration.py::TestSampleCreation::test_create_sample_operational_category PASSED [ 21%]
backend/tests/test_m3_api_integration.py::TestSampleCreation::test_create_sample_chromatography_is_coleta PASSED [ 22%]
backend/tests/test_m3_api_integration.py::TestSampleCreation::test_create_sample_invalid_sp_returns_404 PASSED [ 22%]
backend/tests/test_m3_api_integration.py::TestSampleCreation::test_get_sample_by_id PASSED [ 22%]
backend/tests/test_m3_api_integration.py::TestSampleCreation::test_get_sample_not_found PASSED [ 22%]
backend/tests/test_m3_api_integration.py::TestSampleCreation::test_list_samples_all PASSED [ 23%]
backend/tests/test_m3_api_integration.py::TestStatusFlowLifecycle::test_sample_to_disembark_sets_sla_dates PASSED [ 23%]
backend/tests/test_m3_api_integration.py::TestStatusFlowLifecycle::test_disembark_logistics_sets_date PASSED [ 23%]
backend/tests/test_m3_api_integration.py::TestStatusFlowLifecycle::test_deliver_at_vendor_sets_date PASSED [ 23%]
backend/tests/test_m3_api_integration.py::TestStatusFlowLifecycle::test_report_issue_sets_fc_expected PASSED [ 24%]
backend/tests/test_m3_api_integration.py::TestStatusFlowLifecycle::test_fc_update_sets_timestamp PASSED [ 24%]
backend/tests/test_m3_api_integration.py::TestOverrideDate::test_override_due_date PASSED [ 24%]
backend/tests/test_m3_api_integration.py::TestOverrideDate::test_override_with_null_clears_date PASSED [ 24%]
backend/tests/test_m3_api_integration.py::TestOverrideDate::test_override_nonexistent_sample_404 PASSED [ 25%]
backend/tests/test_m3_api_integration.py::TestDashboard::test_dashboard_returns_all_groups PASSED [ 25%]
backend/tests/test_m3_api_integration.py::TestDashboard::test_dashboard_with_fpso_filter PASSED [ 25%]
backend/tests/test_m3_api_integration.py::TestSampleResults::test_add_result PASSED [ 25%]
backend/tests/test_m3_api_integration.py::TestSampleResults::test_get_lab_results PASSED [ 26%]
backend/tests/test_m3_api_integration.py::TestCheckSlas::test_check_slas_returns_200 PASSED [ 26%]
backend/tests/test_m3_api_status_flow.py::TestM3StatusFlowIntegration::test_api_sample_transit_to_disembark PASSED [ 26%]
backend/tests/test_m3_campaigns_meters.py::TestCampaignsCRUD::test_create_campaign PASSED [ 26%]
backend/tests/test_m3_campaigns_meters.py::TestCampaignsCRUD::test_list_campaigns_all PASSED [ 27%]
backend/tests/test_m3_campaigns_meters.py::TestCampaignsCRUD::test_list_campaigns_filtered_by_fpso PASSED [ 27%]
backend/tests/test_m3_campaigns_meters.py::TestCampaignsCRUD::test_list_campaigns_filtered_by_status PASSED [ 27%]
backend/tests/test_m3_campaigns_meters.py::TestMetersCRUD::test_list_meters_returns_200 PASSED [ 27%]
backend/tests/test_m3_campaigns_meters.py::TestMetersCRUD::test_list_meters_with_fpso_filter PASSED [ 28%]
backend/tests/test_m3_campaigns_meters.py::TestSampleListFilters::test_filter_by_fpso PASSED [ 28%]
backend/tests/test_m3_campaigns_meters.py::TestSampleListFilters::test_filter_by_status PASSED [ 28%]
backend/tests/test_m3_campaigns_meters.py::TestDashboardAccuracy::test_dashboard_counts_overdue PASSED [ 28%]
backend/tests/test_m3_campaigns_meters.py::TestDashboardAccuracy::test_dashboard_steps_have_samples PASSED [ 29%]
backend/tests/test_m3_campaigns_meters.py::TestDashboardAccuracy::test_dashboard_no_data PASSED [ 29%]
backend/tests/test_m3_campaigns_meters.py::TestStatusHistory::test_status_history_grows_with_transitions PASSED [ 29%]
backend/tests/test_m3_campaigns_meters.py::TestSampleCreationWithMeter::test_create_sample_with_meter_id PASSED [ 29%]
backend/tests/test_m3_deep_coverage.py::TestCheckResultDataclass::test_default_values PASSED [ 30%]
backend/tests/test_m3_deep_coverage.py::TestValidationResultDataclass::test_passed_failed_counts PASSED [ 30%]
backend/tests/test_m3_deep_coverage.py::TestValidationResultDataclass::test_empty_checks PASSED [ 30%]
backend/tests/test_m3_deep_coverage.py::TestValidationResultDataclass::test_boletim_tag_optional PASSED [ 30%]
backend/tests/test_m3_deep_coverage.py::TestCheck2SigmaEdgeCases::test_empty_history_bootstraps PASSED [ 31%]
backend/tests/test_m3_deep_coverage.py::TestCheck2SigmaEdgeCases::test_single_history_point PASSED [ 31%]
backend/tests/test_m3_deep_coverage.py::TestCheck2SigmaEdgeCases::test_identical_history_zero_std PASSED [ 31%]
backend/tests/test_m3_deep_coverage.py::TestCheck2SigmaEdgeCases::test_exact_boundary_2sigma PASSED [ 31%]
backend/tests/test_m3_deep_coverage.py::TestCheck2SigmaEdgeCases::test_just_outside_boundary_fails PASSED [ 32%]
backend/tests/test_m3_deep_coverage.py::TestCheck2SigmaEdgeCases::test_volatile_history PASSED [ 32%]
backend/tests/test_m3_deep_coverage.py::TestCheck2SigmaEdgeCases::test_history_fills_output PASSED [ 32%]
backend/tests/test_m3_deep_coverage.py::TestO2LimitDeep::test_o2_parametrized[0.0-pass] PASSED [ 32%]
backend/tests/test_m3_deep_coverage.py::TestO2LimitDeep::test_o2_parametrized[0.1-pass] PASSED [ 33%]
backend/tests/test_m3_deep_coverage.py::TestO2LimitDeep::test_o2_parametrized[0.499-pass] PASSED [ 33%]
backend/tests/test_m3_deep_coverage.py::TestO2LimitDeep::test_o2_parametrized[0.5-pass] PASSED [ 33%]
backend/tests/test_m3_deep_coverage.py::TestO2LimitDeep::test_o2_parametrized[0.501-fail] PASSED [ 33%]
backend/tests/test_m3_deep_coverage.py::TestO2LimitDeep::test_o2_parametrized[1.0-fail] PASSED [ 34%]
backend/tests/test_m3_deep_coverage.py::TestO2LimitDeep::test_o2_parametrized[5.0-fail] PASSED [ 34%]
backend/tests/test_m3_deep_coverage.py::TestO2LimitDeep::test_o2_parametrized[0.0001-pass] PASSED [ 34%]
backend/tests/test_m3_deep_coverage.py::TestO2LimitDeep::test_o2_exactly_at_limit PASSED [ 34%]
backend/tests/test_m3_deep_coverage.py::TestO2LimitDeep::test_o2_detail_message_on_fail PASSED [ 35%]
backend/tests/test_m3_deep_coverage.py::TestPdfParserEdgeCases::test_parse_br_float_with_thousand_separator PASSED [ 35%]
backend/tests/test_m3_deep_coverage.py::TestPdfParserEdgeCases::test_parse_br_float_empty PASSED [ 35%]
backend/tests/test_m3_deep_coverage.py::TestPdfParserEdgeCases::test_parse_br_float_none_input PASSED [ 35%]
backend/tests/test_m3_deep_coverage.py::TestPdfParserEdgeCases::test_detect_pvt PASSED [ 36%]
backend/tests/test_m3_deep_coverage.py::TestPdfParserEdgeCases::test_detect_cro PASSED [ 36%]
backend/tests/test_m3_deep_coverage.py::TestPdfParserEdgeCases::test_detect_unknown PASSED [ 36%]
backend/tests/test_m3_deep_coverage.py::TestPdfParserEdgeCases::test_detect_pvt_by_boletim_prefix PASSED [ 36%]
backend/tests/test_m3_deep_coverage.py::TestPdfParserEdgeCases::test_detect_cro_by_boletim_prefix PASSED [ 37%]
backend/tests/test_m3_deep_coverage.py::TestPdfParserEdgeCases::test_extract_tag_point_valid PASSED [ 37%]
backend/tests/test_m3_deep_coverage.py::TestPdfParserEdgeCases::test_extract_tag_point_no_match PASSED [ 37%]
backend/tests/test_m3_deep_coverage.py::TestPdfParserEdgeCases::test_extract_boletim_pvt PASSED [ 37%]
backend/tests/test_m3_deep_coverage.py::TestPdfParserEdgeCases::test_extract_boletim_no_match PASSED [ 38%]
backend/tests/test_m3_deep_coverage.py::TestPdfParserEdgeCases::test_extract_sampling_date_fpso PASSED [ 38%]
backend/tests/test_m3_deep_coverage.py::TestPdfParserEdgeCases::test_extract_sampling_date_fallback PASSED [ 38%]
backend/tests/test_m3_deep_coverage.py::TestPdfParserEdgeCases::test_extract_pvt_complete PASSED [ 38%]
backend/tests/test_m3_deep_coverage.py::TestPdfParserEdgeCases::test_extract_cro_complete PASSED [ 39%]
backend/tests/test_m3_deep_coverage.py::TestPdfParserEdgeCases::test_extract_pvt_missing_fields PASSED [ 39%]
backend/tests/test_m3_deep_coverage.py::TestPdfParserEdgeCases::test_extract_cro_missing_o2 PASSED [ 39%]
backend/tests/test_m3_edge_cases.py::TestChemicalSadPaths::test_link_meters_404 PASSED [ 39%]
backend/tests/test_m3_edge_cases.py::TestChemicalSadPaths::test_update_status_404 PASSED [ 40%]
backend/tests/test_m3_edge_cases.py::TestChemicalSadPaths::test_legacy_validation_endpoint_400 PASSED [ 40%]
backend/tests/test_m3_edge_cases.py::TestCampaignsExisted::test_create_campaign PASSED [ 40%]
backend/tests/test_m3_edge_cases.py::TestAutoSchedulingLogic::test_schedule_next_periodic_on_disembark PASSED [ 40%]
backend/tests/test_m3_edge_cases.py::TestAutoSchedulingLogic::test_schedule_emergency_on_reprovado PASSED [ 40%]
backend/tests/test_m3_edge_cases.py::TestDashboardUrgencyTriggers::test_get_dashboard_stats_trigger_urgency PASSED [ 41%]
backend/tests/test_m3_formula_stress.py::test_m3_bsw_boundary_pass PASSED [ 41%]
backend/tests/test_m3_formula_stress.py::test_m3_bsw_boundary_warn PASSED [ 41%]
backend/tests/test_m3_formula_stress.py::test_m3_h2s_boundary_pass PASSED [ 41%]
backend/tests/test_m3_formula_stress.py::test_m3_h2s_boundary_warn PASSED [ 42%]
backend/tests/test_m3_formula_stress.py::test_m3_o2_boundary_fail PASSED [ 42%]
backend/tests/test_m3_lifecycle_complete.py::TestFullLifecycleTraversal::test_traverse_all_11_statuses PASSED [ 42%]
backend/tests/test_m3_lifecycle_complete.py::TestFullLifecycleTraversal::test_final_status_has_fc_update_date PASSED [ 42%]
backend/tests/test_m3_lifecycle_complete.py::TestEmergencySampleOnReproval::test_reproval_creates_emergency_sample PASSED [ 43%]
backend/tests/test_m3_lifecycle_complete.py::TestEmergencySampleOnReproval::test_emergency_date_is_3_business_days PASSED [ 43%]
backend/tests/test_m3_lifecycle_complete.py::TestPeriodicAutoScheduling::test_disembark_prep_creates_periodic PASSED [ 43%]
backend/tests/test_m3_lifecycle_complete.py::TestPeriodicAutoScheduling::test_periodic_not_duplicated PASSED [ 43%]
backend/tests/test_m3_lifecycle_complete.py::TestPeriodicAutoScheduling::test_periodic_date_uses_interval_days PASSED [ 44%]
backend/tests/test_m3_lifecycle_complete.py::TestPhaseDueDateMapping::test_due_date_changes_with_phase PASSED [ 44%]
backend/tests/test_m3_lifecycle_complete.py::TestTrackingFieldsUpdate::test_osm_id_persisted PASSED [ 44%]
backend/tests/test_m3_lifecycle_complete.py::TestTrackingFieldsUpdate::test_laudo_number_persisted PASSED [ 44%]
backend/tests/test_m3_lifecycle_complete.py::TestTrackingFieldsUpdate::test_mitigated_flag PASSED [ 45%]
backend/tests/test_m3_lifecycle_complete.py::TestReportIssueWithUrl::test_report_issue_saves_url PASSED [ 45%]
backend/tests/test_m3_lifecycle_complete.py::TestReportIssueWithUrl::test_fc_update_saves_evidence_url PASSED [ 45%]
backend/tests/test_m3_lifecycle_complete.py::TestLocalOverrideDuringDisembark::test_switch_to_offshore_clears_disembark_dates PASSED [ 45%]
backend/tests/test_m3_lifecycle_complete.py::TestStatusUpdateOnNonexistentSample::test_update_nonexistent_returns_404 PASSED [ 46%]
backend/tests/test_m3_lifecycle_complete.py::TestFcBusinessDaysCalculation::test_fc_skips_weekends PASSED [ 46%]
backend/tests/test_m3_p1_gaps.py::TestValidatePVTDirect::test_pvt_all_pass_with_empty_history PASSED [ 46%]
backend/tests/test_m3_p1_gaps.py::TestValidatePVTDirect::test_pvt_density_fails_with_outlier PASSED [ 46%]
backend/tests/test_m3_p1_gaps.py::TestValidateCRODirect::test_cro_pass_with_low_o2 PASSED [ 47%]
backend/tests/test_m3_p1_gaps.py::TestValidateCRODirect::test_cro_fail_with_high_o2 PASSED [ 47%]
backend/tests/test_m3_p1_gaps.py::TestValidateReportDispatcher::test_dispatches_pvt PASSED [ 47%]
backend/tests/test_m3_p1_gaps.py::TestValidateReportDispatcher::test_dispatches_cro PASSED [ 47%]
backend/tests/test_m3_p1_gaps.py::TestLinkMeters::test_link_meters_to_sample_point PASSED [ 48%]
backend/tests/test_m3_p1_gaps.py::TestDashboardUrgency::test_dashboard_returns_urgency_fields PASSED [ 48%]
backend/tests/test_m3_p1_gaps.py::TestListSamplesEquipmentFilter::test_equipment_id_filter_no_installation_returns_empty PASSED [ 48%]
backend/tests/test_m3_p1_gaps.py::TestListSamplesEquipmentFilter::test_equipment_id_filter_with_installation PASSED [ 48%]
backend/tests/test_m3_p1_gaps.py::TestInvalidStatusTransition::test_skip_to_fc_update_from_plan PASSED [ 49%]
backend/tests/test_m3_pdf_parser.py::TestBrazilianFloatParsing::test_normal_value PASSED [ 49%]
backend/tests/test_m3_pdf_parser.py::TestBrazilianFloatParsing::test_integer_value PASSED [ 49%]
backend/tests/test_m3_pdf_parser.py::TestBrazilianFloatParsing::test_small_decimal PASSED [ 49%]
backend/tests/test_m3_pdf_parser.py::TestBrazilianFloatParsing::test_none_on_empty PASSED [ 50%]
backend/tests/test_m3_pdf_parser.py::TestBrazilianFloatParsing::test_none_on_garbage PASSED [ 50%]
backend/tests/test_m3_pdf_parser.py::TestReportTypeDetection::test_detects_cro_by_concentracao_molar PASSED [ 50%]
backend/tests/test_m3_pdf_parser.py::TestReportTypeDetection::test_detects_cro_by_cromatografia PASSED [ 50%]
backend/tests/test_m3_pdf_parser.py::TestReportTypeDetection::test_detects_cro_by_composicao_gas PASSED [ 51%]
backend/tests/test_m3_pdf_parser.py::TestReportTypeDetection::test_detects_pvt_by_fator_encolhimento PASSED [ 51%]
backend/tests/test_m3_pdf_parser.py::TestReportTypeDetection::test_detects_pvt_by_rgo PASSED [ 51%]
backend/tests/test_m3_pdf_parser.py::TestReportTypeDetection::test_detects_pvt_by_massa_especifica PASSED [ 51%]
backend/tests/test_m3_pdf_parser.py::TestReportTypeDetection::test_detects_pvt_by_prefix PASSED [ 52%]
backend/tests/test_m3_pdf_parser.py::TestReportTypeDetection::test_detects_cro_by_prefix PASSED [ 52%]
backend/tests/test_m3_pdf_parser.py::TestReportTypeDetection::test_returns_unknown_for_garbage PASSED [ 52%]
backend/tests/test_m3_pdf_parser.py::TestTagPointExtraction::test_standard_tag_with_mro PASSED [ 52%]
backend/tests/test_m3_pdf_parser.py::TestTagPointExtraction::test_standard_tag_without_mro PASSED [ 53%]
backend/tests/test_m3_pdf_parser.py::TestTagPointExtraction::test_returns_none_for_no_tag PASSED [ 53%]
backend/tests/test_m3_pdf_parser.py::TestBoletimExtraction::test_pvt_boletim PASSED [ 53%]
backend/tests/test_m3_pdf_parser.py::TestBoletimExtraction::test_cro_boletim PASSED [ 53%]
backend/tests/test_m3_pdf_parser.py::TestBoletimExtraction::test_fallback_pvt_pattern PASSED [ 54%]
backend/tests/test_m3_pdf_parser.py::TestBoletimExtraction::test_returns_none_for_no_boletim PASSED [ 54%]
backend/tests/test_m3_pdf_parser.py::TestSamplingDateExtraction::test_fpso_date_pattern PASSED [ 54%]
backend/tests/test_m3_pdf_parser.py::TestSamplingDateExtraction::test_returns_none_for_no_date PASSED [ 54%]
backend/tests/test_m3_pdf_parser.py::TestPvtExtraction::test_pvt_density PASSED [ 55%]
backend/tests/test_m3_pdf_parser.py::TestPvtExtraction::test_pvt_rs PASSED [ 55%]
backend/tests/test_m3_pdf_parser.py::TestPvtExtraction::test_pvt_fe PASSED [ 55%]
backend/tests/test_m3_pdf_parser.py::TestPvtExtraction::test_pvt_boletim_extracted PASSED [ 55%]
backend/tests/test_m3_pdf_parser.py::TestPvtExtraction::test_pvt_tag_point_extracted PASSED [ 56%]
backend/tests/test_m3_pdf_parser.py::TestPvtExtraction::test_pvt_sampling_date_extracted PASSED [ 56%]
backend/tests/test_m3_pdf_parser.py::TestPvtExtraction::test_pvt_missing_values_graceful PASSED [ 56%]
backend/tests/test_m3_pdf_parser.py::TestCroExtraction::test_cro_o2 PASSED [ 56%]
backend/tests/test_m3_pdf_parser.py::TestCroExtraction::test_cro_relative_density PASSED [ 57%]
backend/tests/test_m3_pdf_parser.py::TestCroExtraction::test_cro_boletim_extracted PASSED [ 57%]
backend/tests/test_m3_pdf_parser.py::TestCroExtraction::test_cro_tag_point_extracted PASSED [ 57%]
backend/tests/test_m3_pdf_parser.py::TestCroExtraction::test_cro_sampling_date_extracted PASSED [ 57%]
backend/tests/test_m3_pdf_parser.py::TestCroExtraction::test_cro_missing_values_graceful PASSED [ 58%]
backend/tests/test_m3_sigma_engine.py::test_first_sample_always_passes_bootstrap PASSED [ 58%]
backend/tests/test_m3_sigma_engine.py::test_second_sample_with_same_value_passes PASSED [ 58%]
backend/tests/test_m3_sigma_engine.py::test_clear_outlier_fails_with_sufficient_history PASSED [ 58%]
backend/tests/test_m3_sigma_engine.py::test_value_exactly_at_boundary_passes PASSED [ 59%]
backend/tests/test_m3_sigma_engine.py::test_check_result_contains_history_stats PASSED [ 59%]
backend/tests/test_m3_sigma_engine.py::test_bootstrapped_flag_in_detail_with_partial_history PASSED [ 59%]
backend/tests/test_m3_sigma_engine.py::test_density_outlier_reproves_via_api PASSED [ 59%]
backend/tests/test_m3_sigma_engine.py::test_first_pvt_always_passes PASSED [ 60%]
backend/tests/test_m3_sigma_engine.py::test_o2_hard_limit_reproves_regardless_of_history PASSED [ 60%]
backend/tests/test_m3_sigma_engine.py::test_h2s_above_limit_stays_approved PASSED [ 60%]
backend/tests/test_m3_sigma_engine.py::test_bsw_above_limit_stays_approved PASSED [ 60%]
backend/tests/test_m3_sigma_engine.py::test_combined_o2_pass_density_fail_reproves PASSED [ 60%]
backend/tests/test_m3_sla.py::TestSlaMatrixFullSweep::test_fiscal_chromatography_onshore PASSED [ 61%]
backend/tests/test_m3_sla.py::TestSlaMatrixFullSweep::test_fiscal_chromatography_offshore PASSED [ 61%]
backend/tests/test_m3_sla.py::TestSlaMatrixFullSweep::test_apropriation_chromatography_onshore PASSED [ 61%]
backend/tests/test_m3_sla.py::TestSlaMatrixFullSweep::test_apropriation_chromatography_offshore PASSED [ 61%]
backend/tests/test_m3_sla.py::TestSlaMatrixFullSweep::test_operational_chromatography_onshore PASSED [ 62%]
backend/tests/test_m3_sla.py::TestSlaMatrixFullSweep::test_operational_chromatography_offshore PASSED [ 62%]
backend/tests/test_m3_sla.py::TestSlaMatrixFullSweep::test_apropriation_pvt_onshore PASSED [ 62%]
backend/tests/test_m3_sla.py::TestSlaMatrixFullSweep::test_apropriation_pvt_offshore PASSED [ 62%]
backend/tests/test_m3_sla.py::TestSlaMatrixFullSweep::test_fiscal_enxofre_onshore PASSED [ 63%]
backend/tests/test_m3_sla.py::TestSlaMatrixFullSweep::test_fiscal_enxofre_offshore PASSED [ 63%]
backend/tests/test_m3_sla.py::TestSlaMatrixFullSweep::test_fiscal_viscosity_onshore PASSED [ 63%]
backend/tests/test_m3_sla.py::TestSlaMatrixFullSweep::test_fiscal_viscosity_offshore PASSED [ 63%]
backend/tests/test_m3_sla.py::TestSlaMatrixFullSweep::test_custody_transfer_viscosity_onshore PASSED [ 64%]
backend/tests/test_m3_sla.py::TestSlaMatrixFullSweep::test_custody_transfer_viscosity_offshore PASSED [ 64%]
backend/tests/test_m3_sla.py::TestSlaMatrixFullSweep::test_invalid_combination_returns_none PASSED [ 64%]
backend/tests/test_m3_sla.py::TestSlaMatrixFullSweep::test_case_sensitivity_guard PASSED [ 64%]
backend/tests/test_m3_sla.py::TestEmergencySampleDateCalculation::test_reprovacao_quarta_feira PASSED [ 65%]
backend/tests/test_m3_sla.py::TestEmergencySampleDateCalculation::test_reprovacao_sexta_feira PASSED [ 65%]
backend/tests/test_m3_sla.py::TestEmergencySampleDateCalculation::test_periodic_date_wins_when_sooner PASSED [ 65%]
backend/tests/test_m3_sla.py::TestEmergencySampleDateCalculation::test_reprovacao_sabado PASSED [ 65%]
backend/tests/test_m3_sla.py::TestEmergencySampleDateCalculation::test_reprovacao_domingo PASSED [ 66%]
backend/tests/test_m3_sla.py::TestEmergencySampleDateCalculation::test_same_day_periodic_wins PASSED [ 66%]
backend/tests/test_m3_sla.py::TestFcBusinessDaysCalculation::test_fc_3_business_days_from_monday PASSED [ 66%]
backend/tests/test_m3_sla.py::TestFcBusinessDaysCalculation::test_fc_3_business_days_from_thursday PASSED [ 66%]
backend/tests/test_m3_sla.py::TestFcBusinessDaysCalculation::test_fc_10_business_days_operational PASSED [ 67%]
backend/tests/test_m3_sla.py::TestFcBusinessDaysCalculation::test_fc_from_friday PASSED [ 67%]
backend/tests/test_m3_sla_alert_engine.py::TestSLAAlertEngine::test_creates_alert_for_overdue_report PASSED [ 67%]
backend/tests/test_m3_sla_alert_engine.py::TestSLAAlertEngine::test_no_duplicate_alerts PASSED [ 67%]
backend/tests/test_m3_sla_alert_engine.py::TestSLAAlertEngine::test_creates_alert_for_pending_validation PASSED [ 68%]
backend/tests/test_m3_sla_alert_engine.py::TestSLAAlertEngine::test_no_alert_for_recent_samples PASSED [ 68%]
backend/tests/test_m3_sla_alert_engine.py::TestSLAAlertEngine::test_no_alert_for_recent_reports PASSED [ 68%]
backend/tests/test_m3_sla_deep.py::TestSLAMatrix::test_01_fiscal_cro_onshore_aprovado PASSED [ 68%]
backend/tests/test_m3_sla_deep.py::TestSLAMatrix::test_02_fiscal_cro_onshore_reprovado PASSED [ 69%]
backend/tests/test_m3_sla_deep.py::TestSLAMatrix::test_03_fiscal_cro_offshore_aprovado PASSED [ 69%]
backend/tests/test_m3_sla_deep.py::TestSLAMatrix::test_04_fiscal_cro_offshore_reprovado PASSED [ 69%]
backend/tests/test_m3_sla_deep.py::TestSLAMatrix::test_05_apropriation_cro_onshore_aprovado PASSED [ 69%]
backend/tests/test_m3_sla_deep.py::TestSLAMatrix::test_06_apropriation_cro_onshore_reprovado PASSED [ 70%]
backend/tests/test_m3_sla_deep.py::TestSLAMatrix::test_07_apropriation_cro_offshore_aprovado PASSED [ 70%]
backend/tests/test_m3_sla_deep.py::TestSLAMatrix::test_08_apropriation_cro_offshore_reprovado PASSED [ 70%]
backend/tests/test_m3_sla_deep.py::TestSLAMatrix::test_09_operational_cro_onshore_aprovado PASSED [ 70%]
backend/tests/test_m3_sla_deep.py::TestSLAMatrix::test_10_operational_cro_onshore_reprovado PASSED [ 71%]
backend/tests/test_m3_sla_deep.py::TestSLAMatrix::test_11_operational_cro_offshore_aprovado PASSED [ 71%]
backend/tests/test_m3_sla_deep.py::TestSLAMatrix::test_12_operational_cro_offshore_reprovado PASSED [ 71%]
backend/tests/test_m3_sla_deep.py::TestSLAMatrix::test_13_apropriation_pvt_onshore_aprovado PASSED [ 71%]
backend/tests/test_m3_sla_deep.py::TestSLAMatrix::test_14_apropriation_pvt_onshore_reprovado PASSED [ 72%]
backend/tests/test_m3_sla_deep.py::TestSLAMatrix::test_15_apropriation_pvt_offshore_aprovado PASSED [ 72%]
backend/tests/test_m3_sla_deep.py::TestSLAMatrix::test_16_apropriation_pvt_offshore_reprovado PASSED [ 72%]
backend/tests/test_m3_sla_deep.py::TestSLAMatrix::test_17_fiscal_enxofre_onshore PASSED [ 72%]
backend/tests/test_m3_sla_deep.py::TestSLAMatrix::test_18_fiscal_enxofre_offshore PASSED [ 73%]
backend/tests/test_m3_sla_deep.py::TestSLAMatrix::test_19_fiscal_viscosity_onshore PASSED [ 73%]
backend/tests/test_m3_sla_deep.py::TestSLAMatrix::test_20_fiscal_viscosity_offshore PASSED [ 73%]
backend/tests/test_m3_sla_deep.py::TestSLAMatrix::test_21_custody_transfer_viscosity_onshore PASSED [ 73%]
backend/tests/test_m3_sla_deep.py::TestSLAMatrix::test_22_custody_transfer_viscosity_offshore PASSED [ 74%]
backend/tests/test_m3_sla_deep.py::TestSLAMatrix::test_alias_cro_resolves_to_chromatography PASSED [ 74%]
backend/tests/test_m3_sla_deep.py::TestSLAMatrix::test_alias_pvt_resolves_correctly PASSED [ 74%]
backend/tests/test_m3_sla_deep.py::TestSLAMatrix::test_unknown_classification_returns_none PASSED [ 74%]
backend/tests/test_m3_sla_deep.py::TestSLAMatrix::test_case_normalization PASSED [ 75%]
backend/tests/test_m3_sla_deep.py::TestSLAMatrix::test_all_22_spreadsheet_rows_covered PASSED [ 75%]
backend/tests/test_m3_sla_deep.py::TestSLABoundary::test_day_24_no_alert PASSED [ 75%]
backend/tests/test_m3_sla_deep.py::TestSLABoundary::test_day_25_triggers_alert PASSED [ 75%]
backend/tests/test_m3_sla_deep.py::TestSLABoundary::test_validation_day_2_no_alert PASSED [ 76%]
backend/tests/test_m3_sla_deep.py::TestSLABoundary::test_validation_day_3_triggers_alert PASSED [ 76%]
backend/tests/test_m3_sla_deep.py::TestSLABoundary::test_batch_5_overdue_samples PASSED [ 76%]
backend/tests/test_m3_sla_deep.py::TestSLABoundary::test_batch_dedup_on_second_run PASSED [ 76%]
backend/tests/test_m3_sla_deep.py::TestSLABoundary::test_approved_sample_no_alert PASSED [ 77%]
backend/tests/test_m3_sla_deep.py::TestSLABoundary::test_reprovado_reschedules_emergency_sample PASSED [ 77%]
backend/tests/test_m3_upload_pipeline.py::test_sample_status_transitions_to_validation PASSED [ 77%]
backend/tests/test_m3_upload_pipeline.py::test_reproved_sample_has_correct_validation_status PASSED [ 77%]
backend/tests/test_m3_upload_pipeline.py::test_approved_sample_has_correct_validation_status PASSED [ 78%]
backend/tests/test_m3_upload_pipeline.py::test_upload_stores_lab_report_url PASSED [ 78%]
backend/tests/test_m3_upload_pipeline.py::test_sample_results_stored_after_upload PASSED [ 78%]
backend/tests/test_m3_upload_pipeline.py::test_reupload_does_not_duplicate_results PASSED [ 78%]
backend/tests/test_m3_upload_pipeline.py::test_upload_to_nonexistent_sample_returns_404 PASSED [ 79%]
backend/tests/test_m3_upload_pipeline.py::test_pvt_report_checks_density_and_rs PASSED [ 79%]
backend/tests/test_m3_upload_pipeline.py::test_cro_report_checks_o2 PASSED [ 79%]
backend/tests/test_m3_validate_report_pipeline.py::TestValidateReportPipeline::test_cro_upload_happy_path PASSED [ 79%]
backend/tests/test_m3_validate_report_pipeline.py::TestValidateReportPipeline::test_pvt_upload_happy_path PASSED [ 80%]
backend/tests/test_m3_validate_report_pipeline.py::TestValidateReportPipeline::test_invalid_pdf_returns_400 PASSED [ 80%]
backend/tests/test_m3_validate_report_pipeline.py::TestValidateReportPipeline::test_sample_not_found_returns_404 PASSED [ 80%]
backend/tests/test_m3_validate_report_pipeline.py::TestValidateReportPipeline::test_results_stored_in_database PASSED [ 80%]
backend/tests/test_m3_validate_report_pipeline.py::TestValidateReportPipeline::test_reupload_replaces_previous_results PASSED [ 80%]
backend/tests/test_m3_validate_report_pipeline.py::TestValidateReportPipeline::test_validation_status_updates_sample PASSED [ 81%]
backend/tests/test_m3_validation_engine.py::TestO2HardLimit::test_o2_well_below_limit PASSED [ 81%]
backend/tests/test_m3_validation_engine.py::TestO2HardLimit::test_o2_at_limit_boundary PASSED [ 81%]
backend/tests/test_m3_validation_engine.py::TestO2HardLimit::test_o2_just_above_limit PASSED [ 81%]
backend/tests/test_m3_validation_engine.py::TestO2HardLimit::test_o2_grossly_above_limit PASSED [ 82%]
backend/tests/test_m3_validation_engine.py::TestO2HardLimit::test_o2_zero PASSED [ 82%]
backend/tests/test_m3_validation_engine.py::TestTwoSigmaValidation::test_value_within_band PASSED [ 82%]
backend/tests/test_m3_validation_engine.py::TestTwoSigmaValidation::test_value_far_outside_band PASSED [ 82%]
backend/tests/test_m3_validation_engine.py::TestTwoSigmaValidation::test_value_negative_outlier PASSED [ 83%]
backend/tests/test_m3_validation_engine.py::TestTwoSigmaValidation::test_returns_mean_and_std PASSED [ 83%]
backend/tests/test_m3_validation_engine.py::TestTwoSigmaValidation::test_empty_history_bootstrap PASSED [ 83%]
backend/tests/test_m3_validation_engine.py::TestTwoSigmaValidation::test_single_sample_history PASSED [ 83%]
backend/tests/test_m3_validation_engine.py::TestTwoSigmaValidation::test_different_parameters PASSED [ 84%]
backend/tests/test_m3_validation_engine.py::TestTwoSigmaValidation::test_highly_volatile_history PASSED [ 84%]
backend/tests/test_m3_validation_sbm.py::TestSBMValidation::test_validate_no_results_returns_400 PASSED [ 84%]
backend/tests/test_m3_validation_sbm.py::TestSBMValidation::test_validate_with_insufficient_history PASSED [ 84%]
backend/tests/test_m3_validation_sbm.py::TestSBMValidation::test_validate_with_history_pass PASSED [ 85%]
backend/tests/test_m3_validation_sbm.py::TestSBMValidation::test_validate_with_history_fail PASSED [ 85%]
backend/tests/test_m3_validation_sbm.py::TestSBMValidation::test_validate_multiple_parameters PASSED [ 85%]
backend/tests/test_m3_validation_sbm.py::TestSBMValidation::test_validate_response_structure PASSED [ 85%]
backend/tests/test_m3_validation_sbm.py::TestParameterHistory::test_get_density_history PASSED [ 86%]
backend/tests/test_m3_validation_sbm.py::TestParameterHistory::test_get_rs_history PASSED [ 86%]
backend/tests/test_m3_validation_sbm.py::TestParameterHistory::test_history_with_limit PASSED [ 86%]
backend/tests/test_m3_validation_sbm.py::TestParameterHistory::test_history_empty_for_unknown_param PASSED [ 86%]
backend/tests/test_m3_validation_sbm.py::TestParameterHistory::test_history_nonexistent_point PASSED [ 87%]
backend/tests/test_pdf_parser_edge.py::test_parse_pdf_bytes_magic_bytes_failure PASSED [ 87%]
backend/tests/test_pdf_parser_edge.py::test_parse_pdf_bytes_oversize PASSED [ 87%]
backend/tests/test_pdf_parser_edge.py::test_base_parser_unknown_type PASSED [ 87%]
backend/tests/test_rbac_access_control.py::TestViewerGETAccess::test_viewer_can_list_equipment PASSED [ 88%]
backend/tests/test_rbac_access_control.py::TestViewerGETAccess::test_viewer_can_list_tags PASSED [ 88%]
backend/tests/test_rbac_access_control.py::TestViewerGETAccess::test_viewer_can_list_sample_points PASSED [ 88%]
backend/tests/test_rbac_access_control.py::TestViewerGETAccess::test_viewer_can_list_samples PASSED [ 88%]
backend/tests/test_rbac_access_control.py::TestViewerGETAccess::test_viewer_can_get_hierarchy PASSED [ 89%]
backend/tests/test_rbac_access_control.py::TestViewerGETAccess::test_viewer_can_get_wells PASSED [ 89%]
backend/tests/test_rbac_access_control.py::TestViewerMutationContract::test_viewer_post_equipment_returns_non_500 PASSED [ 89%]
backend/tests/test_rbac_access_control.py::TestViewerMutationContract::test_viewer_post_sample_returns_non_500 PASSED [ 89%]
backend/tests/test_rbac_access_control.py::TestInspectorAccess::test_inspector_can_create_sample_point PASSED [ 90%]
backend/tests/test_rbac_access_control.py::TestInspectorAccess::test_inspector_can_list_equipment PASSED [ 90%]
backend/tests/test_rbac_access_control.py::TestInspectorAccess::test_inspector_can_upload_report PASSED [ 90%]
backend/tests/test_rbac_access_control.py::TestAdminAccess::test_admin_can_create_equipment PASSED [ 90%]
backend/tests/test_rbac_access_control.py::TestAdminAccess::test_admin_can_create_hierarchy_node PASSED [ 91%]
backend/tests/test_rbac_access_control.py::TestAdminAccess::test_admin_can_delete_hierarchy_node PASSED [ 91%]
backend/tests/test_rbac_access_control.py::TestAdminAccess::test_admin_can_trigger_sla_check PASSED [ 91%]
backend/tests/test_rbac_fpso_scoping.py::test_equipment_read_enforces_fpso_scoping PASSED [ 91%]
backend/tests/test_rbac_fpso_scoping.py::test_available_tags_forces_user_fpso PASSED [ 92%]
backend/tests/test_schema_contract.py::test_openapi_schema_is_accessible PASSED [ 92%]
backend/tests/test_schema_contract.py::test_openapi_has_api_routes PASSED [ 92%]
backend/tests/test_schema_contract.py::test_equipment_response_schema_has_critical_fields PASSED [ 92%]
backend/tests/test_schema_contract.py::test_sample_response_schema_has_critical_fields PASSED [ 93%]
backend/tests/test_schema_contract.py::test_hierarchy_node_schema_has_critical_fields PASSED [ 93%]
backend/tests/test_schema_contract.py::test_all_get_endpoints_without_path_params_return_non_500 PASSED [ 93%]
backend/tests/test_schema_contract.py::test_schemathesis_can_load_openapi_schema PASSED [ 93%]
backend/tests/test_schema_integrity.py::test_table_equipment_exists PASSED [ 94%]
backend/tests/test_schema_integrity.py::test_table_instrument_tags_exists PASSED [ 94%]
backend/tests/test_schema_integrity.py::test_table_equipment_tag_installations_exists PASSED [ 94%]
backend/tests/test_schema_integrity.py::test_table_samples_exists PASSED [ 94%]
backend/tests/test_schema_integrity.py::test_table_sample_points_exists PASSED [ 95%]
backend/tests/test_schema_integrity.py::test_table_sample_results_exists PASSED [ 95%]
backend/tests/test_schema_integrity.py::test_table_hierarchy_nodes_exists PASSED [ 95%]
backend/tests/test_schema_integrity.py::test_table_attribute_definitions_exists PASSED [ 95%]
backend/tests/test_schema_integrity.py::test_table_alerts_exists PASSED  [ 96%]
backend/tests/test_schema_integrity.py::test_equipment_has_serial_number_column PASSED [ 96%]
backend/tests/test_schema_integrity.py::test_equipment_has_health_status_or_calculated PASSED [ 96%]
backend/tests/test_schema_integrity.py::test_sample_sample_point_id_nullable_is_documented PASSED [ 96%]
backend/tests/test_schema_integrity.py::test_installation_tag_id_nullable_is_documented PASSED [ 97%]
backend/tests/test_schema_integrity.py::test_installation_equipment_id_nullable_is_documented PASSED [ 97%]
backend/tests/test_schema_integrity.py::test_sample_result_sample_id_nullable_is_documented PASSED [ 97%]
backend/tests/test_schema_integrity.py::test_sample_result_has_parameter_and_value PASSED [ 97%]
backend/tests/test_schema_integrity.py::test_hierarchy_node_has_level_type PASSED [ 98%]
backend/tests/test_schema_integrity.py::test_attribute_definition_has_type_and_entity_type PASSED [ 98%]
backend/tests/test_schema_integrity.py::test_alert_table_has_required_columns PASSED [ 98%]
backend/tests/test_schema_integrity.py::test_sample_has_fk_to_sample_points PASSED [ 98%]
backend/tests/test_schema_integrity.py::test_installation_has_fk_to_equipment PASSED [ 99%]
backend/tests/test_schema_integrity.py::test_installation_has_fk_to_instrument_tags PASSED [ 99%]
backend/tests/test_schema_integrity.py::test_sample_result_has_fk_to_samples PASSED [ 99%]
backend/tests/test_schema_integrity.py::test_orm_equipment_columns_match_db PASSED [ 99%]
backend/tests/test_schema_integrity.py::test_orm_sample_columns_match_db PASSED [100%]

=============================== warnings summary ===============================
tests/test_m11_config_management.py::test_create_attribute_with_date_rule
  /home/marcosgnr/.local/lib/python3.10/site-packages/_pytest/python.py:170: PytestReturnNotNoneWarning: Test functions should return None, but tests/test_m11_config_management.py::test_create_attribute_with_date_rule returned <class 'dict'>.
  Did you mean to use `assert` instead of `return`?
  See https://docs.pytest.org/en/stable/how-to/assert.html#return-not-none for more information.
    warnings.warn(

tests/test_m11_config_management.py::test_create_attribute_with_choice_rule
  /home/marcosgnr/.local/lib/python3.10/site-packages/_pytest/python.py:170: PytestReturnNotNoneWarning: Test functions should return None, but tests/test_m11_config_management.py::test_create_attribute_with_choice_rule returned <class 'dict'>.
  Did you mean to use `assert` instead of `return`?
  See https://docs.pytest.org/en/stable/how-to/assert.html#return-not-none for more information.
    warnings.warn(

tests/test_schema_contract.py::test_openapi_schema_is_accessible
  /home/marcosgnr/.local/lib/python3.10/site-packages/fastapi/openapi/utils.py:251: UserWarning: Duplicate Operation ID get_reports_api_reports_get for function get_reports at /home/marcosgnr/MMT/backend/app/routers/history.py
    warnings.warn(message, stacklevel=1)

tests/test_schema_contract.py::test_openapi_schema_is_accessible
  /home/marcosgnr/.local/lib/python3.10/site-packages/fastapi/openapi/utils.py:251: UserWarning: Duplicate Operation ID upload_reports_api_reports_upload_post for function upload_reports at /home/marcosgnr/MMT/backend/app/routers/history.py
    warnings.warn(message, stacklevel=1)

tests/test_schema_contract.py::test_openapi_schema_is_accessible
  /home/marcosgnr/.local/lib/python3.10/site-packages/fastapi/openapi/utils.py:251: UserWarning: Duplicate Operation ID get_report_types_api_reports_types_get for function get_report_types at /home/marcosgnr/MMT/backend/app/routers/history.py
    warnings.warn(message, stacklevel=1)

tests/test_schema_contract.py::test_openapi_schema_is_accessible
  /home/marcosgnr/.local/lib/python3.10/site-packages/fastapi/openapi/utils.py:251: UserWarning: Duplicate Operation ID create_report_type_api_reports_types_post for function create_report_type at /home/marcosgnr/MMT/backend/app/routers/history.py
    warnings.warn(message, stacklevel=1)

-- Docs: https://docs.pytest.org/en/stable/how-to/capture-warnings.html
================================ tests coverage ================================
_______________ coverage: platform linux, python 3.10.12-final-0 _______________

Name                                          Stmts   Miss  Cover   Missing
---------------------------------------------------------------------------
backend/app/database.py                          16      1    94%   18
backend/app/dependencies.py                      31     13    58%   39-54, 70-72
backend/app/expand_seed.py                      120    120     0%   1-310
backend/app/main.py                              34      0   100%
backend/app/models.py                           604      0   100%
backend/app/routers/alerts.py                    52     16    69%   35, 38, 42, 45, 48, 55-61, 71, 78, 86, 91
backend/app/routers/audit_simulation.py          45     13    71%   29-103
backend/app/routers/calibration.py              151     74    51%   22-28, 42, 44, 50-53, 58-67, 80, 82, 84, 90-93, 105, 115-117, 128-144, 152-156, 167-168, 183, 192-194, 204, 217-219, 224-236, 240-243, 255, 266-267, 276
backend/app/routers/chemical.py                 346      7    98%   294, 441, 509, 514, 523, 525, 557
backend/app/routers/configuration.py            171      9    95%   49-58, 70, 109, 246
backend/app/routers/equipment.py                146      2    99%   36, 136
backend/app/routers/export.py                    34     15    56%   21-27, 31-33, 37-44
backend/app/routers/failures.py                  51     16    69%   33, 35, 37, 47-50, 59, 69, 78, 86, 91, 96-101
backend/app/routers/history.py                   35      6    83%   33, 37, 49-51, 60
backend/app/routers/maintenance.py               95     50    47%   19-23, 32-36, 45, 63, 65, 69, 72, 75, 77, 80-85, 88-96, 102-105, 109, 114-118, 122-127, 134-143
backend/app/routers/planning.py                  37      9    76%   32, 34, 36, 40, 43, 54, 64, 74, 79
backend/app/routers/sync.py                      33      4    88%   31, 38, 50-51
backend/app/schemas/__init__.py                   0      0   100%
backend/app/schemas/calibration.py              114      0   100%
backend/app/schemas/chemical.py                 159      0   100%
backend/app/schemas/configuration.py            134      3    98%   65-66, 74
backend/app/schemas/export.py                    17      0   100%
backend/app/schemas/maintenance.py               26     26     0%   1-31
backend/app/schemas/phase3.py                   246      0   100%
backend/app/schemas/schemas.py                  176      0   100%
backend/app/seed.py                             154    141     8%   16-794, 799
backend/app/seed_historical_samples.py          118    118     0%   7-252
backend/app/seed_m2.py                           44     44     0%   1-183
backend/app/seed_sample_points.py                61     61     0%   7-332
backend/app/services/__init__.py                  0      0   100%
backend/app/services/alerts_service.py           37     27    27%   10-26, 30-53
backend/app/services/calibration_service.py     140    118    16%   12-21, 25-50, 54-82, 86-133, 141-161, 165-171, 178-222
backend/app/services/equipment_service.py        22      0   100%
backend/app/services/export_service.py           80     66    18%   15-24, 28-107
backend/app/services/failures_service.py         61     47    23%   10-23, 27-48, 52-66, 70-76
backend/app/services/hierarchy_service.py        40      0   100%
backend/app/services/history_service.py          23     14    39%   9-28, 32-36
backend/app/services/integrations.py             50     39    22%   26-57, 65-80, 88-130
backend/app/services/maintenance_service.py      51     42    18%   9-34, 38-62
backend/app/services/pdf_parser.py              137     18    87%   185-202, 231, 233, 236, 238
backend/app/services/planning_service.py         52     38    27%   10-16, 20-31, 35-49, 53-61
backend/app/services/sla_matrix.py               14      0   100%
backend/app/services/sync_service.py             66     51    23%   13-17, 21-59, 63-103
backend/app/services/validation_engine.py       132      4    97%   169-170, 296, 318
backend/app/services/validation_service.py       50     16    68%   20-26, 32-33, 45-52, 63
---------------------------------------------------------------------------
TOTAL                                          4205   1228    71%
Coverage HTML written to dir htmlcov
Required test coverage of 70% reached. Total coverage: 70.80%
======================= 405 passed, 6 warnings in 12.33s =======================
